<?xml version="1.0" encoding="UTF-8"?>
<testng-results skipped="0" failed="0" ignored="0" total="1" passed="1">
  <reporter-output>
  </reporter-output>
  <suite name="Default suite" duration-ms="103" started-at="2018-03-19T12:18:35Z" finished-at="2018-03-19T12:18:35Z">
    <groups>
    </groups>
    <test name="Default test" duration-ms="103" started-at="2018-03-19T12:18:35Z" finished-at="2018-03-19T12:18:35Z">
      <class name="com.testng.EnabledDisabledTests">
        <test-method status="PASS" signature="testOne()[pri:0, instance:com.testng.EnabledDisabledTests@1d6a08]" name="testOne" is-config="true" duration-ms="22" started-at="2018-03-19T12:18:35Z" finished-at="2018-03-19T12:18:35Z">
          <reporter-output>
          </reporter-output>
        </test-method> <!-- testOne -->
        <test-method status="PASS" signature="testTwo()[pri:2, instance:com.testng.EnabledDisabledTests@1d6a08]" name="testTwo" duration-ms="12" started-at="2018-03-19T12:18:35Z" finished-at="2018-03-19T12:18:35Z">
          <reporter-output>
          </reporter-output>
        </test-method> <!-- testTwo -->
        <test-method status="PASS" signature="testThree()[pri:0, instance:com.testng.EnabledDisabledTests@1d6a08]" name="testThree" is-config="true" duration-ms="1" started-at="2018-03-19T12:18:35Z" finished-at="2018-03-19T12:18:35Z">
          <reporter-output>
          </reporter-output>
        </test-method> <!-- testThree -->
      </class> <!-- com.testng.EnabledDisabledTests -->
    </test> <!-- Default test -->
  </suite> <!-- Default suite -->
</testng-results>
