<?xml version="1.0" encoding="UTF-8"?>
<!-- Generated by org.testng.reporters.JUnitXMLReporter -->
<testsuite hostname="vivek" ignored="2" name="Suite Test2" tests="1" failures="0" timestamp="16 Mar 2018 13:57:33 GMT" time="0.008" errors="0">
  <testcase name="secondTest" time="0.003" classname="com.testng.ParameterizeTestNG"/>
  <testcase name="thirdTest" time="0.0" classname="com.testng.ParameterizeTestNG">
    <ignored/>
  </testcase> <!-- thirdTest -->
  <testcase name="firstTest" time="0.0" classname="com.testng.ParameterizeTestNG">
    <ignored/>
  </testcase> <!-- firstTest -->
</testsuite> <!-- Suite Test2 -->
