<?xml version="1.0" encoding="UTF-8"?>
<!-- Generated by org.testng.reporters.JUnitXMLReporter -->
<testsuite hostname="vivek" ignored="0" name="Test" tests="3" failures="2" timestamp="16 Mar 2018 13:28:00 GMT" time="0.131" errors="0">
  <testcase name="firstTest" time="0.025" classname="com.testng.ParameterizeTestNG"/>
  <testcase name="secondTest" time="0.0" classname="com.testng.ParameterizeTestNG">
    <failure type="org.testng.TestNGException" message="
Cannot inject @Test annotated Method [secondTest] with [class java.lang.String].
For more information on native dependency injection please refer to http://testng.org/doc/documentation-main.html#native-dependency-injection">
      <![CDATA[org.testng.TestNGException: 
Cannot inject @Test annotated Method [secondTest] with [class java.lang.String].
For more information on native dependency injection please refer to http://testng.org/doc/documentation-main.html#native-dependency-injection
... Removed 24 stack frames]]>
    </failure>
  </testcase> <!-- secondTest -->
  <testcase name="thirdTest" time="0.0" classname="com.testng.ParameterizeTestNG">
    <failure type="org.testng.TestNGException" message="
Cannot inject @Test annotated Method [thirdTest] with [class java.lang.String, class java.lang.String].
For more information on native dependency injection please refer to http://testng.org/doc/documentation-main.html#native-dependency-injection">
      <![CDATA[org.testng.TestNGException: 
Cannot inject @Test annotated Method [thirdTest] with [class java.lang.String, class java.lang.String].
For more information on native dependency injection please refer to http://testng.org/doc/documentation-main.html#native-dependency-injection
... Removed 24 stack frames]]>
    </failure>
  </testcase> <!-- thirdTest -->
</testsuite> <!-- Test -->
